#! /c/Source/iverilog-install/bin/vvp
:ivl_version "12.0 (devel)" "(s20150603-1539-g2693dd32b)";
:ivl_delay_selection "TYPICAL";
:vpi_time_precision + 0;
:vpi_module "C:\iverilog\lib\ivl\system.vpi";
:vpi_module "C:\iverilog\lib\ivl\vhdl_sys.vpi";
:vpi_module "C:\iverilog\lib\ivl\vhdl_textio.vpi";
:vpi_module "C:\iverilog\lib\ivl\v2005_math.vpi";
:vpi_module "C:\iverilog\lib\ivl\va_math.vpi";
S_00000276ac6e1580 .scope module, "asyncfifo" "asyncfifo" 2 1;
 .timescale 0 0;
    .port_info 0 /INPUT 1 "wrclk";
    .port_info 1 /INPUT 1 "rdclk";
    .port_info 2 /INPUT 8 "wrdata";
    .port_info 3 /INPUT 1 "wren";
    .port_info 4 /INPUT 1 "rden";
    .port_info 5 /INPUT 1 "rst";
    .port_info 6 /OUTPUT 8 "rdata";
    .port_info 7 /OUTPUT 1 "full";
    .port_info 8 /OUTPUT 1 "empty";
    .port_info 9 /OUTPUT 1 "wrerr";
    .port_info 10 /OUTPUT 1 "rderr";
v00000276ac6e1c70_0 .var "empty", 0 0;
v00000276ac6e17d0 .array "fifo", 0 15, 7 0;
v00000276ac656c50_0 .var "full", 0 0;
v00000276ac656cf0_0 .var/i "i", 31 0;
v00000276ac656d90_0 .var "rdata", 7 0;
o00000276ac606098 .functor BUFZ 1, C4<z>; HiZ drive
v00000276ac656e30_0 .net "rdclk", 0 0, o00000276ac606098;  0 drivers
o00000276ac6060c8 .functor BUFZ 1, C4<z>; HiZ drive
v00000276ac656ed0_0 .net "rden", 0 0, o00000276ac6060c8;  0 drivers
v00000276ac656f70_0 .var "rderr", 0 0;
v00000276ac657010_0 .var "rdptr", 3 0;
v00000276ac6570b0_0 .var "rdptr_gray", 3 0;
v00000276ac657150_0 .var "rdptr_wrclk", 3 0;
v00000276ac5f1840_0 .var "rdtoggle", 0 0;
v00000276ac5f2060_0 .var "rdtoggle_wrclk", 0 0;
o00000276ac606218 .functor BUFZ 1, C4<z>; HiZ drive
v00000276ac5f2240_0 .net "rst", 0 0, o00000276ac606218;  0 drivers
o00000276ac606248 .functor BUFZ 1, C4<z>; HiZ drive
v00000276ac5f1480_0 .net "wrclk", 0 0, o00000276ac606248;  0 drivers
o00000276ac606278 .functor BUFZ 8, C4<zzzzzzzz>; HiZ drive
v00000276ac5f1660_0 .net "wrdata", 7 0, o00000276ac606278;  0 drivers
o00000276ac6062a8 .functor BUFZ 1, C4<z>; HiZ drive
v00000276ac5f18e0_0 .net "wren", 0 0, o00000276ac6062a8;  0 drivers
v00000276ac5f2380_0 .var "wrerr", 0 0;
v00000276ac5f1a20_0 .var "wrptr", 3 0;
v00000276ac5f1980_0 .var "wrptr_gray", 3 0;
v00000276ac5f1f20_0 .var "wrptr_rdclk", 3 0;
v00000276ac5f21a0_0 .var "wrtoggle", 0 0;
v00000276ac5f1e80_0 .var "wrtoggle_rdclk", 0 0;
E_00000276ac6ecb20/0 .event anyedge, v00000276ac5f1a20_0, v00000276ac657150_0, v00000276ac5f21a0_0, v00000276ac5f2060_0;
E_00000276ac6ecb20/1 .event anyedge, v00000276ac657010_0, v00000276ac5f1f20_0, v00000276ac5f1840_0, v00000276ac5f1e80_0;
E_00000276ac6ecb20 .event/or E_00000276ac6ecb20/0, E_00000276ac6ecb20/1;
E_00000276ac6ebde0 .event anyedge, v00000276ac5f1480_0;
E_00000276ac5f57a0 .event anyedge, v00000276ac656e30_0;
E_00000276ac5f4c20 .event posedge, v00000276ac656e30_0;
E_00000276ac5f50a0 .event posedge, v00000276ac5f2240_0, v00000276ac5f1480_0;
    .scope S_00000276ac6e1580;
T_0 ;
    %wait E_00000276ac5f50a0;
    %load/vec4 v00000276ac5f2240_0;
    %flag_set/vec4 8;
    %jmp/0xz  T_0.0, 8;
    %pushi/vec4 0, 0, 4;
    %assign/vec4 v00000276ac5f1a20_0, 0;
    %pushi/vec4 0, 0, 4;
    %assign/vec4 v00000276ac657010_0, 0;
    %pushi/vec4 0, 0, 4;
    %assign/vec4 v00000276ac5f1f20_0, 0;
    %pushi/vec4 0, 0, 4;
    %assign/vec4 v00000276ac657150_0, 0;
    %pushi/vec4 0, 0, 1;
    %assign/vec4 v00000276ac5f2380_0, 0;
    %pushi/vec4 0, 0, 1;
    %assign/vec4 v00000276ac656f70_0, 0;
    %pushi/vec4 0, 0, 1;
    %assign/vec4 v00000276ac656c50_0, 0;
    %pushi/vec4 0, 0, 1;
    %assign/vec4 v00000276ac6e1c70_0, 0;
    %pushi/vec4 0, 0, 8;
    %assign/vec4 v00000276ac656d90_0, 0;
    %pushi/vec4 0, 0, 4;
    %assign/vec4 v00000276ac5f1980_0, 0;
    %pushi/vec4 0, 0, 4;
    %assign/vec4 v00000276ac6570b0_0, 0;
    %pushi/vec4 0, 0, 1;
    %assign/vec4 v00000276ac5f1e80_0, 0;
    %pushi/vec4 0, 0, 1;
    %assign/vec4 v00000276ac5f21a0_0, 0;
    %pushi/vec4 0, 0, 1;
    %assign/vec4 v00000276ac5f1840_0, 0;
    %pushi/vec4 0, 0, 1;
    %assign/vec4 v00000276ac5f2060_0, 0;
    %pushi/vec4 0, 0, 32;
    %store/vec4 v00000276ac656cf0_0, 0, 32;
T_0.2 ;
    %load/vec4 v00000276ac656cf0_0;
    %cmpi/s 16, 0, 32;
    %jmp/0xz T_0.3, 5;
    %pushi/vec4 0, 0, 8;
    %ix/getv/s 3, v00000276ac656cf0_0;
    %ix/load 4, 0, 0; Constant delay
    %assign/vec4/a/d v00000276ac6e17d0, 0, 4;
    %load/vec4 v00000276ac656cf0_0;
    %addi 1, 0, 32;
    %store/vec4 v00000276ac656cf0_0, 0, 32;
    %jmp T_0.2;
T_0.3 ;
    %jmp T_0.1;
T_0.0 ;
    %load/vec4 v00000276ac5f18e0_0;
    %pad/u 32;
    %cmpi/e 1, 0, 32;
    %jmp/0xz  T_0.4, 4;
    %load/vec4 v00000276ac656c50_0;
    %flag_set/vec4 8;
    %jmp/0xz  T_0.6, 8;
    %pushi/vec4 0, 0, 1;
    %assign/vec4 v00000276ac5f2380_0, 0;
    %jmp T_0.7;
T_0.6 ;
    %load/vec4 v00000276ac5f1a20_0;
    %pad/u 32;
    %cmpi/e 15, 0, 32;
    %jmp/0xz  T_0.8, 4;
    %load/vec4 v00000276ac5f1660_0;
    %load/vec4 v00000276ac5f1a20_0;
    %pad/u 6;
    %ix/vec4 3;
    %ix/load 4, 0, 0; Constant delay
    %assign/vec4/a/d v00000276ac6e17d0, 0, 4;
    %load/vec4 v00000276ac5f21a0_0;
    %inv;
    %assign/vec4 v00000276ac5f21a0_0, 0;
    %pushi/vec4 0, 0, 4;
    %assign/vec4 v00000276ac5f1a20_0, 0;
    %jmp T_0.9;
T_0.8 ;
    %load/vec4 v00000276ac5f1660_0;
    %load/vec4 v00000276ac5f1a20_0;
    %pad/u 6;
    %ix/vec4 3;
    %ix/load 4, 0, 0; Constant delay
    %assign/vec4/a/d v00000276ac6e17d0, 0, 4;
    %load/vec4 v00000276ac5f1a20_0;
    %addi 1, 0, 4;
    %assign/vec4 v00000276ac5f1a20_0, 0;
T_0.9 ;
    %load/vec4 v00000276ac5f1a20_0;
    %load/vec4 v00000276ac5f1a20_0;
    %ix/load 4, 1, 0;
    %flag_set/imm 4, 0;
    %shiftr 4;
    %xor;
    %assign/vec4 v00000276ac5f1980_0, 0;
T_0.7 ;
T_0.4 ;
T_0.1 ;
    %jmp T_0;
    .thread T_0;
    .scope S_00000276ac6e1580;
T_1 ;
    %wait E_00000276ac5f4c20;
    %load/vec4 v00000276ac656ed0_0;
    %flag_set/vec4 8;
    %jmp/0xz  T_1.0, 8;
    %load/vec4 v00000276ac6e1c70_0;
    %flag_set/vec4 8;
    %jmp/0xz  T_1.2, 8;
    %pushi/vec4 1, 0, 1;
    %assign/vec4 v00000276ac656f70_0, 0;
    %jmp T_1.3;
T_1.2 ;
    %load/vec4 v00000276ac657010_0;
    %pad/u 32;
    %cmpi/e 15, 0, 32;
    %jmp/0xz  T_1.4, 4;
    %load/vec4 v00000276ac657010_0;
    %pad/u 6;
    %ix/vec4 4;
    %load/vec4a v00000276ac6e17d0, 4;
    %assign/vec4 v00000276ac656d90_0, 0;
    %load/vec4 v00000276ac5f1840_0;
    %inv;
    %store/vec4 v00000276ac5f1840_0, 0, 1;
    %pushi/vec4 0, 0, 4;
    %assign/vec4 v00000276ac657010_0, 0;
    %jmp T_1.5;
T_1.4 ;
    %load/vec4 v00000276ac657010_0;
    %pad/u 6;
    %ix/vec4 4;
    %load/vec4a v00000276ac6e17d0, 4;
    %assign/vec4 v00000276ac656d90_0, 0;
    %load/vec4 v00000276ac657010_0;
    %addi 1, 0, 4;
    %assign/vec4 v00000276ac657010_0, 0;
T_1.5 ;
    %load/vec4 v00000276ac657010_0;
    %load/vec4 v00000276ac657010_0;
    %ix/load 4, 1, 0;
    %flag_set/imm 4, 0;
    %shiftr 4;
    %xor;
    %assign/vec4 v00000276ac6570b0_0, 0;
T_1.3 ;
T_1.0 ;
    %jmp T_1;
    .thread T_1;
    .scope S_00000276ac6e1580;
T_2 ;
    %wait E_00000276ac5f57a0;
    %load/vec4 v00000276ac5f1980_0;
    %assign/vec4 v00000276ac5f1f20_0, 0;
    %load/vec4 v00000276ac5f21a0_0;
    %assign/vec4 v00000276ac5f1e80_0, 0;
    %jmp T_2;
    .thread T_2, $push;
    .scope S_00000276ac6e1580;
T_3 ;
    %wait E_00000276ac6ebde0;
    %load/vec4 v00000276ac6570b0_0;
    %assign/vec4 v00000276ac657150_0, 0;
    %load/vec4 v00000276ac5f1840_0;
    %assign/vec4 v00000276ac5f2060_0, 0;
    %jmp T_3;
    .thread T_3, $push;
    .scope S_00000276ac6e1580;
T_4 ;
    %wait E_00000276ac6ecb20;
    %pushi/vec4 0, 0, 1;
    %store/vec4 v00000276ac656c50_0, 0, 1;
    %pushi/vec4 0, 0, 1;
    %store/vec4 v00000276ac6e1c70_0, 0, 1;
    %load/vec4 v00000276ac5f1a20_0;
    %load/vec4 v00000276ac657150_0;
    %cmp/e;
    %jmp/0xz  T_4.0, 4;
    %load/vec4 v00000276ac5f21a0_0;
    %load/vec4 v00000276ac5f2060_0;
    %cmp/ne;
    %jmp/0xz  T_4.2, 4;
    %pushi/vec4 1, 0, 1;
    %assign/vec4 v00000276ac656c50_0, 0;
T_4.2 ;
T_4.0 ;
    %load/vec4 v00000276ac657010_0;
    %load/vec4 v00000276ac5f1f20_0;
    %cmp/e;
    %jmp/0xz  T_4.4, 4;
    %load/vec4 v00000276ac5f1840_0;
    %load/vec4 v00000276ac5f1e80_0;
    %cmp/e;
    %jmp/0xz  T_4.6, 4;
    %pushi/vec4 1, 0, 1;
    %assign/vec4 v00000276ac6e1c70_0, 0;
T_4.6 ;
T_4.4 ;
    %jmp T_4;
    .thread T_4, $push;
# The file index is used to find the file name in the following table.
:file_names 3;
    "N/A";
    "<interactive>";
    "asyncfifo.v";
